          ok  Starting native_osx for sync simplest-sync
          ok  simplest-sync container still running, restarting unison in container
unison: stopped
unison: started
     success  Sync container started
     success  Showing unison logs from your sync container: simplest-sync
[2019-07-09 22:34:19 +0300] Sync Log:  UNISON 2.51.2 (OCAML 4.06.1) started propagating changes at 12:58:17.21 on 09 Jul 2019
[2019-07-09 22:34:19 +0300] Sync Log:  [BGN] Copying .docker-sync/daemon.log from /host_sync to /app_sync
[2019-07-09 22:34:19 +0300] Sync Log:  [END] Copying .docker-sync/daemon.log
[2019-07-09 22:34:19 +0300] Sync Log:  [BGN] Copying .docker-sync/daemon.pid from /host_sync to /app_sync
[2019-07-09 22:34:19 +0300] Sync Log:  [END] Copying .docker-sync/daemon.pid
[2019-07-09 22:34:19 +0300] Sync Log:  UNISON 2.51.2 (OCAML 4.06.1) finished propagating changes at 12:58:17.22 on 09 Jul 2019
[2019-07-09 22:34:19 +0300] Sync Log:  Synchronization complete at 12:58:17  (2 items transferred, 0 skipped, 0 failed)
[2019-07-09 22:35:44 +0300] Sync Log:  UNISON 2.51.2 (OCAML 4.06.1) started propagating changes at 12:59:42.50 on 09 Jul 2019
[2019-07-09 22:35:44 +0300] Sync Log:  [BGN] Updating file docker-sync.yml from /host_sync to /app_sync
[2019-07-09 22:35:44 +0300] Sync Log:  [END] Updating file docker-sync.yml
[2019-07-09 22:35:44 +0300] Sync Log:  UNISON 2.51.2 (OCAML 4.06.1) finished propagating changes at 12:59:42.51 on 09 Jul 2019
[2019-07-09 22:35:44 +0300] Sync Log:  Synchronization complete at 12:59:42  (1 item transferred, 0 skipped, 0 failed)
[2019-07-09 22:35:58 +0300] Sync Log:  UNISON 2.51.2 (OCAML 4.06.1) started propagating changes at 12:59:57.06 on 09 Jul 2019
[2019-07-09 22:35:58 +0300] Sync Log:  [BGN] Copying work from /host_sync to /app_sync
[2019-07-09 22:35:58 +0300] Sync Log:  [END] Copying work
[2019-07-09 22:35:58 +0300] Sync Log:  UNISON 2.51.2 (OCAML 4.06.1) finished propagating changes at 12:59:57.06 on 09 Jul 2019
[2019-07-09 22:35:58 +0300] Sync Log:  Synchronization complete at 12:59:57  (1 item transferred, 0 skipped, 0 failed)
          ok  Starting native_osx for sync simplest-sync
          ok  simplest-sync container still running, restarting unison in container
unison: stopped
unison: started
     success  Sync container started
     success  Showing unison logs from your sync container: simplest-sync
[2019-07-09 22:37:17 +0300] Sync Log:  [END] Copying work
[2019-07-09 22:37:17 +0300] Sync Log:  UNISON 2.51.2 (OCAML 4.06.1) finished propagating changes at 12:59:57.06 on 09 Jul 2019
[2019-07-09 22:37:17 +0300] Sync Log:  Synchronization complete at 12:59:57  (1 item transferred, 0 skipped, 0 failed)
[2019-07-09 22:37:17 +0300] Sync Log:  UNISON 2.51.2 (OCAML 4.06.1) started propagating changes at 13:01:15.21 on 09 Jul 2019
[2019-07-09 22:37:17 +0300] Sync Log:  [BGN] Updating file .docker-sync/daemon.log from /host_sync to /app_sync
[2019-07-09 22:37:17 +0300] Sync Log:  [END] Updating file .docker-sync/daemon.log
[2019-07-09 22:37:17 +0300] Sync Log:  [BGN] Updating file .docker-sync/daemon.pid from /host_sync to /app_sync
[2019-07-09 22:37:17 +0300] Sync Log:  [END] Updating file .docker-sync/daemon.pid
[2019-07-09 22:37:17 +0300] Sync Log:  UNISON 2.51.2 (OCAML 4.06.1) finished propagating changes at 13:01:15.21 on 09 Jul 2019
[2019-07-09 22:37:17 +0300] Sync Log:  Synchronization complete at 13:01:15  (2 items transferred, 0 skipped, 0 failed)
[2019-07-09 22:39:27 +0300] Sync Log:  UNISON 2.51.2 (OCAML 4.06.1) started propagating changes at 13:03:26.41 on 09 Jul 2019
[2019-07-09 22:39:27 +0300] Sync Log:  [BGN] Copying work/test.txt from /host_sync to /app_sync
[2019-07-09 22:39:27 +0300] Sync Log:  [END] Copying work/test.txt
[2019-07-09 22:39:27 +0300] Sync Log:  UNISON 2.51.2 (OCAML 4.06.1) finished propagating changes at 13:03:26.42 on 09 Jul 2019
[2019-07-09 22:39:27 +0300] Sync Log:  Synchronization complete at 13:03:26  (1 item transferred, 0 skipped, 0 failed)
[2019-07-09 22:45:42 +0300] Sync Log:  UNISON 2.51.2 (OCAML 4.06.1) started propagating changes at 13:09:41.31 on 09 Jul 2019
[2019-07-09 22:45:42 +0300] Sync Log:  [BGN] Updating file docker-sync.yml from /host_sync to /app_sync
[2019-07-09 22:45:42 +0300] Sync Log:  [END] Updating file docker-sync.yml
[2019-07-09 22:45:42 +0300] Sync Log:  UNISON 2.51.2 (OCAML 4.06.1) finished propagating changes at 13:09:41.31 on 09 Jul 2019
[2019-07-09 22:45:42 +0300] Sync Log:  Synchronization complete at 13:09:41  (1 item transferred, 0 skipped, 0 failed)
    shutdown  Shutting down...
          ok  Stopping sync container simplest-sync
          ok  Starting native_osx for sync default-sync
          ok  default-sync container still running, restarting unison in container
unison: stopped
unison: started
     success  Sync container started
     success  Showing unison logs from your sync container: default-sync
[2019-07-09 22:48:31 +0300] Sync Log:  UNISON 2.51.2 (OCAML 4.06.1) started propagating changes at 13:12:31.53 on 09 Jul 2019
[2019-07-09 22:48:31 +0300] Sync Log:  [BGN] Copying test2.txt from /app_sync to /host_sync
[2019-07-09 22:48:32 +0300] Sync Log:  [END] Copying test2.txt
[2019-07-09 22:48:32 +0300] Sync Log:  UNISON 2.51.2 (OCAML 4.06.1) finished propagating changes at 13:12:31.54 on 09 Jul 2019
[2019-07-09 22:48:32 +0300] Sync Log:  Synchronization complete at 13:12:31  (1 item transferred, 0 skipped, 0 failed)
          ok  Starting native_osx for sync default-sync
          ok  default-sync container still running, restarting unison in container
unison: stopped
unison: started
     success  Sync container started
     success  Showing unison logs from your sync container: default-sync
[2019-07-09 23:12:13 +0300] Sync Log:  UNISON 2.51.2 (OCAML 4.06.1) started propagating changes at 13:12:31.53 on 09 Jul 2019
[2019-07-09 23:12:13 +0300] Sync Log:  [BGN] Copying test2.txt from /app_sync to /host_sync
[2019-07-09 23:12:13 +0300] Sync Log:  [END] Copying test2.txt
[2019-07-09 23:12:13 +0300] Sync Log:  UNISON 2.51.2 (OCAML 4.06.1) finished propagating changes at 13:12:31.54 on 09 Jul 2019
[2019-07-09 23:12:13 +0300] Sync Log:  Synchronization complete at 13:12:31  (1 item transferred, 0 skipped, 0 failed)
